<?xml version="1.0" encoding="UTF-8"?>
<testsuite xmlns:xsi="http://www.w3.org/2001/XMLSchema-instance" xsi:noNamespaceSchemaLocation="https://maven.apache.org/surefire/maven-surefire-plugin/xsd/surefire-test-report.xsd" name="com.jdm.guessthenumberrestapi.data.GuessTheNumberGameDbDaoTest" time="0.016" tests="4" errors="0" skipped="0" failures="0">
  <properties>
[...]
</properties>
  <testcase name="testGetAllGames" classname="com.jdm.guessthenumberrestapi.data.GuessTheNumberGameDbDaoTest" time="0.006"/>
  <testcase name="testGetGame" classname="com.jdm.guessthenumberrestapi.data.GuessTheNumberGameDbDaoTest" time="0"/>
  <testcase name="testFinishGame" classname="com.jdm.guessthenumberrestapi.data.GuessTheNumberGameDbDaoTest" time="0"/>
  <testcase name="testCreateGame" classname="com.jdm.guessthenumberrestapi.data.GuessTheNumberGameDbDaoTest" time="0"/>
</testsuite>